2025-07-29 18:56:17,010 - INFO - 开始抓取 2025-07-28 的网络安全新闻...
2025-07-29 18:56:17,010 - INFO - 正在抓取 安全客 的RSS源...
2025-07-29 18:56:20,019 - INFO - 从 安全客 获取到 8 条安全新闻
2025-07-29 18:56:21,025 - INFO - 正在抓取 FreeBuf 的RSS源...
2025-07-29 18:56:24,016 - INFO - 从 FreeBuf 获取到 10 条安全新闻
2025-07-29 18:56:25,022 - INFO - 正在抓取 嘶吼 的RSS源...
2025-07-29 18:56:28,990 - INFO - 从 嘶吼 获取到 7 条安全新闻
2025-07-29 18:56:29,994 - INFO - 总共获取到 24 条不重复的安全新闻
2025-07-29 18:56:29,995 - INFO - 正在使用GLM生成新闻分析...
2025-07-29 18:56:58,707 - WARNING - 分类结果解析失败，使用默认分类
2025-07-29 18:56:58,708 - INFO - ✅ 成功生成AI智能新闻快报: news20250728.html
2025-07-29 19:09:00,293 - INFO - 开始抓取 2025-07-28 的网络安全新闻...
2025-07-29 19:09:00,293 - INFO - 正在抓取 安全客 (Unknown) 的RSS源...
2025-07-29 19:09:01,968 - INFO - 正在抓取文章内容: GitHub Action “tj-actions/branch-names” 中存在关键命令注入漏...
2025-07-29 19:09:03,759 - INFO - 正在抓取文章内容: 国内首个！360终端安全智能体支持解密全球第三大勒索家族Phobos及变种...
2025-07-29 19:09:05,377 - INFO - 正在抓取文章内容: Salesforce 修复了 Tableau Server 中 8 个严重漏洞：RCE、SSRF 和...
2025-07-29 19:09:07,168 - INFO - 正在抓取文章内容: SHUYAL木马：隐蔽信息窃取器盗取浏览器凭据、系统数据并回传Telegram...
2025-07-29 19:09:08,836 - INFO - 正在抓取文章内容: Chaos勒索病毒：新兴的勒索软件即服务（RaaS）团队，启动语音欺诈和双重勒索攻击...
2025-07-29 19:09:12,111 - INFO - 正在抓取文章内容: Scattered Spider劫持VMware ESXi，向美国关键基础设施部署勒索软件...
2025-07-29 19:09:13,856 - INFO - 正在抓取文章内容: 钓鱼攻击新变种：“同形异字”绕过防御，AI助推风险升级...
2025-07-29 19:09:15,470 - INFO - 正在抓取文章内容: CERT 警告 Lakeside SysTrack 存在高危提权漏洞（CVE-2025-6241）...
2025-07-29 19:09:25,483 - WARNING - 抓取文章内容失败 https://www.anquanke.com/post/id/310614: HTTPSConnectionPool(host='www.anquanke.com', port=443): Max retries exceeded with url: /post/id/310614 (Caused by ProxyError('Cannot connect to proxy.', timeout('select timed out')))
2025-07-29 19:09:25,486 - INFO - 从 安全客 获取到 8 条安全新闻
2025-07-29 19:09:27,491 - INFO - 正在抓取 FreeBuf (Unknown) 的RSS源...
2025-07-29 19:09:29,249 - INFO - 从 FreeBuf 获取到 11 条安全新闻
2025-07-29 19:09:31,254 - INFO - 正在抓取 嘶吼 (Unknown) 的RSS源...
2025-07-29 19:09:33,672 - INFO - 正在抓取文章内容: 技嘉主板易受UEFI恶意软件绕过安全启动攻击...
2025-07-29 19:09:35,569 - INFO - 正在抓取文章内容: ISC.AI 2025主题前瞻：ALL IN AGENT，全面拥抱智能体时代！...
2025-07-29 19:09:37,393 - INFO - 正在抓取文章内容: 双螺旋驱动的网安能力进化体系：丈八网络靶场与兵棋推演系统的战略协同...
2025-07-29 19:09:39,448 - INFO - 正在抓取文章内容: 【附下载】重庆信通设计院：2025公共政务数据 安全交换 技术规范现状探究...
2025-07-29 19:09:41,281 - INFO - 正在抓取文章内容: 第三届“天网杯”网络安全大赛正式启动...
2025-07-29 19:09:42,957 - INFO - 正在抓取文章内容: 来啦！XCon2025大会日程热力解锁！惊喜票价燃动启售~~...
2025-07-29 19:09:44,762 - INFO - 正在抓取文章内容: ArmouryLoader加载器的全面分析——典型加载器家族系列分析五...
2025-07-29 19:09:46,694 - INFO - 从 嘶吼 获取到 7 条安全新闻
2025-07-29 19:09:48,699 - INFO - 总共获取到 26 条不重复的安全新闻
2025-07-29 19:09:48,700 - INFO - 正在使用GLM生成新闻分析...
2025-07-29 19:10:25,351 - ERROR - GLM API调用异常: HTTPSConnectionPool(host='open.bigmodel.cn', port=443): Read timed out. (read timeout=30)
2025-07-29 19:10:25,353 - WARNING - 分类结果解析失败: Expecting value: line 1 column 1 (char 0)，使用默认分类
2025-07-29 19:10:25,355 - INFO - ✅ 成功生成AI智能新闻快报: news20250728.html
