2025-07-23 14:54:18,543 - INFO - 开始执行网络安全新闻自动抓取...
2025-07-23 14:54:18,543 - INFO - 目标日期: 2025-07-23
2025-07-23 14:54:18,543 - INFO - 正在抓取 安全客 的RSS源: https://api.anquanke.com/data/v1/rss
2025-07-23 14:54:19,220 - INFO - 从 安全客 获取到 0 条今日新闻
2025-07-23 14:54:19,220 - INFO - 正在抓取 FreeBuf 的RSS源: https://www.freebuf.com/feed
2025-07-23 14:54:19,657 - INFO - 从 FreeBuf 获取到 0 条今日新闻
2025-07-23 14:54:19,657 - INFO - 正在抓取 嘶吼 的RSS源: https://www.4hou.com/feed
2025-07-23 14:54:20,192 - INFO - 从 嘶吼 获取到 2 条今日新闻
2025-07-23 14:54:20,192 - INFO - 从 嘶吼 筛选出 2 条安全相关新闻
2025-07-23 14:54:20,192 - INFO - 总共获取到 2 条不重复的安全新闻
2025-07-23 14:54:20,194 - INFO - 成功生成新闻文件: news20250723.html
2025-07-23 14:54:20,195 - INFO - 新闻抓取完成，共生成 2 条新闻
2025-07-23 14:54:20,195 - INFO - 文件已保存为: news20250723.html
2025-07-24 10:34:58,849 - INFO - 开始执行网络安全新闻自动抓取...
2025-07-24 10:34:58,849 - INFO - 目标日期: 2025-07-24
2025-07-24 10:34:58,849 - INFO - 正在抓取 安全客 的RSS源: https://api.anquanke.com/data/v1/rss
2025-07-24 10:35:01,047 - INFO - 从 安全客 获取到 0 条今日新闻
2025-07-24 10:35:01,047 - INFO - 正在抓取 FreeBuf 的RSS源: https://www.freebuf.com/feed
2025-07-24 10:35:03,143 - INFO - 从 FreeBuf 获取到 0 条今日新闻
2025-07-24 10:35:03,143 - INFO - 正在抓取 嘶吼 的RSS源: https://www.4hou.com/feed
2025-07-24 10:35:05,805 - INFO - 从 嘶吼 获取到 0 条今日新闻
2025-07-24 10:35:05,805 - INFO - 总共获取到 0 条不重复的安全新闻
2025-07-24 10:35:05,806 - WARNING - 今日未获取到任何网络安全新闻
2025-07-24 10:40:21,237 - INFO - 开始执行网络安全新闻自动抓取...
2025-07-24 10:40:21,238 - INFO - 目标日期: 2025-07-24
2025-07-24 10:40:21,238 - INFO - 正在抓取 安全客 的RSS源: https://api.anquanke.com/data/v1/rss
2025-07-24 10:40:23,284 - INFO - 从 安全客 获取到 20 条今日新闻
2025-07-24 10:40:23,284 - INFO - 从 安全客 筛选出 16 条安全相关新闻
2025-07-24 10:40:23,284 - INFO - 正在抓取 FreeBuf 的RSS源: https://www.freebuf.com/feed
2025-07-24 10:40:25,386 - INFO - 从 FreeBuf 获取到 20 条今日新闻
2025-07-24 10:40:25,386 - INFO - 从 FreeBuf 筛选出 15 条安全相关新闻
2025-07-24 10:40:25,386 - INFO - 正在抓取 嘶吼 的RSS源: https://www.4hou.com/feed
2025-07-24 10:40:27,936 - INFO - 从 嘶吼 获取到 6 条今日新闻
2025-07-24 10:40:27,937 - INFO - 从 嘶吼 筛选出 6 条安全相关新闻
2025-07-24 10:40:27,937 - INFO - 总共获取到 37 条不重复的安全新闻
2025-07-24 10:40:27,945 - INFO - 成功生成新闻文件: news20250724.html
2025-07-24 10:40:27,945 - INFO - 新闻抓取完成，共生成 37 条新闻
2025-07-24 10:40:27,945 - INFO - 文件已保存为: news20250724.html
